
Errors and Warnings while Loading Component : D:\CIGAM\CIGAMe11\xpa\Add_On\UserFunctionality\UserFunctionality.eci (29/05/19 10:06:58)
======================================================================================================================================
-----------------------------------

Errors and Warnings while Loading Component : D:\CIGAM\CIGAMe11\CDK\ECIs\Geral\CGData.eci (29/05/19 10:07:24)
=============================================================================================================
-----------------------------------

Errors and Warnings while Loading Component : D:\CIGAM\CIGAMe11\CDK\ECIs\Geral\CGFunctions.eci (29/05/19 10:07:31)
==================================================================================================================
-----------------------------------

Errors and Warnings while Loading Component : D:\CIGAM\CIGAMe11\CDK\ECIs\Geral\CIGAMK.eci (29/05/19 10:07:43)
=============================================================================================================
-----------------------------------

Errors and Warnings while Loading Component : D:\CIGAM\CIGAMe11\CDK\ECIs\Geral\CGKernel.eci (29/05/19 10:08:01)
===============================================================================================================
-----------------------------------

Errors and Warnings while Loading Component : D:\CIGAM\CIGAMe11\CDK\ECIs\Geral\CIGAMK.eci (29/05/19 10:08:10)
=============================================================================================================
-----------------------------------

-----------------------------------

Errors and Warnings while Loading Component : D:\CIGAM\CIGAMe11\CDK\ECIs\Geral\CGGateway.eci (24/07/19 14:40:34)
================================================================================================================
-----------------------------------

-----------------------------------

-----------------------------------

-----------------------------------

-----------------------------------
